<?xml version="1.0" encoding="UTF-8"?>
<!-- Generated by org.testng.reporters.JUnitReportReporter -->
<testsuite hostname="LTIN300066" failures="0" tests="1" name="jsonResponseValidation.HandleJSONArray" time="3.720" errors="0" timestamp="2023-05-31T12:28:08 IST" skipped="0">
  <testcase classname="jsonResponseValidation.HandleJSONArray" name="verifyResponseBody" time="3.720"/>
  <system-out/>
</testsuite> <!-- jsonResponseValidation.HandleJSONArray -->
