<?xml version="1.0" encoding="UTF-8"?>
<!-- Generated by org.testng.reporters.JUnitReportReporter -->
<testsuite hostname="LTIN300066" failures="0" tests="2" name="POJO.DataSerializeAndDeserialize" time="0.466" errors="0" timestamp="2023-06-14T13:14:03 IST" skipped="0">
  <testcase classname="POJO.DataSerializeAndDeserialize" name="getPojoFromObject" time="0.075"/>
  <system-out/>
  <testcase classname="POJO.DataSerializeAndDeserialize" name="createDatafromPOJO" time="0.391"/>
  <system-out/>
</testsuite> <!-- POJO.DataSerializeAndDeserialize -->
