<?xml version="1.0" encoding="UTF-8"?>
<!-- Generated by org.testng.reporters.JUnitReportReporter -->
<testsuite hostname="LTIN300066" failures="0" tests="1" name="basic.rest.postcall.PostCallAutomation" time="3.349" errors="0" timestamp="2023-05-26T12:58:28 IST" skipped="0">
  <testcase classname="basic.rest.postcall.PostCallAutomation" name="createBoard" time="3.349"/>
  <system-out/>
</testsuite> <!-- basic.rest.postcall.PostCallAutomation -->
