<?xml version="1.0" encoding="UTF-8"?>
<!-- Generated by org.testng.reporters.JUnitReportReporter -->
<testsuite hostname="LTIN300066" failures="0" tests="1" name="basic.rest.postcall.ExtractJSONResponse" time="4.404" errors="0" timestamp="2023-05-30T11:39:10 IST" skipped="0">
  <testcase classname="basic.rest.postcall.ExtractJSONResponse" name="extractResponse" time="4.404"/>
  <system-out/>
</testsuite> <!-- basic.rest.postcall.ExtractJSONResponse -->
