<?xml version="1.0" encoding="UTF-8"?>
<!-- Generated by org.testng.reporters.JUnitReportReporter -->
<testsuite hostname="LTIN300066" failures="0" tests="1" name="basic.rest.postcall.CreateGithHubRepo" time="4.150" errors="0" timestamp="2023-05-29T14:08:25 IST" skipped="0">
  <testcase classname="basic.rest.postcall.CreateGithHubRepo" name="createRepo" time="4.150"/>
  <system-out/>
</testsuite> <!-- basic.rest.postcall.CreateGithHubRepo -->
