<?xml version="1.0" encoding="UTF-8"?>
<!-- Generated by org.testng.reporters.JUnitReportReporter -->
<testsuite hostname="LTIN300066" failures="0" tests="1" name="nestedPOJO.CreateNestedJSONFromPOJO" time="0.351" errors="0" timestamp="2023-06-14T14:00:25 IST" skipped="0">
  <testcase classname="nestedPOJO.CreateNestedJSONFromPOJO" name="generatePOJOData" time="0.351"/>
  <system-out/>
</testsuite> <!-- nestedPOJO.CreateNestedJSONFromPOJO -->
