<?xml version="1.0" encoding="UTF-8"?>
<!-- Generated by org.testng.reporters.JUnitReportReporter -->
<testsuite hostname="LTIN300066" failures="0" tests="1" name="jsonResponseValidation.GetFirst2RepoNames" time="2.725" errors="0" timestamp="2023-05-31T12:13:54 IST" skipped="0">
  <testcase classname="jsonResponseValidation.GetFirst2RepoNames" name="createRepo" time="2.725"/>
  <system-out/>
</testsuite> <!-- jsonResponseValidation.GetFirst2RepoNames -->
