<?xml version="1.0" encoding="UTF-8"?>
<!-- Generated by org.testng.reporters.JUnitReportReporter -->
<testsuite hostname="LTIN300066" failures="0" tests="2" name="POJO.JSONArraySerialization" time="0.327" errors="0" timestamp="2023-06-14T13:41:02 IST" skipped="0">
  <testcase classname="POJO.JSONArraySerialization" name="createJSONArrayFromPOJO" time="0.281"/>
  <system-out/>
  <testcase classname="POJO.JSONArraySerialization" name="getPOJOsfromStringJSONArray" time="0.046"/>
  <system-out/>
</testsuite> <!-- POJO.JSONArraySerialization -->
