<?xml version="1.0" encoding="UTF-8"?>
<!-- Generated by org.testng.reporters.JUnitReportReporter -->
<testsuite hostname="LTIN300066" failures="0" tests="2" name="basic.rest.postcall.CreateAndDeleteRepo" time="4.601" errors="0" timestamp="2023-05-30T12:01:55 IST" skipped="0">
  <testcase classname="basic.rest.postcall.CreateAndDeleteRepo" name="createRepo" time="3.962"/>
  <system-out/>
  <testcase classname="basic.rest.postcall.CreateAndDeleteRepo" name="deleteRepo" time="0.639"/>
  <system-out/>
</testsuite> <!-- basic.rest.postcall.CreateAndDeleteRepo -->
