<?xml version="1.0" encoding="UTF-8"?>
<!-- Generated by org.testng.reporters.JUnitReportReporter -->
<testsuite hostname="LTIN300066" failures="0" tests="2" name="basic.rest.getcall.VerifyResponseTest" time="5.787" errors="0" timestamp="2023-05-30T12:28:48 IST" skipped="0">
  <testcase classname="basic.rest.getcall.VerifyResponseTest" name="verifyResponseHeader" time="1.175"/>
  <system-out/>
  <testcase classname="basic.rest.getcall.VerifyResponseTest" name="verifyResponseBody" time="4.612"/>
  <system-out/>
</testsuite> <!-- basic.rest.getcall.VerifyResponseTest -->
